# JRE version: Java(TM) SE Runtime Environment (21.0.2+13) (build 21.0.2+13-LTS-58)
# Java VM: Java HotSpot(TM) 64-Bit Server VM (21.0.2+13-LTS-58, mixed mode, sharing, tiered, compressed oops, compressed class ptrs, parallel gc, windows-amd64)
GC Precious Log:
 CardTable entry size: 512
 CPUs: 12 total, 12 available
 Memory: 16234M
 Large Page Support: Disabled
 NUMA Support: Disabled
 Compressed Oops: Enabled (32-bit)
 Alignments: Space 512K, Generation 512K, Heap 2M
 Heap Min Capacity: 100M
 Heap Initial Capacity: 100M
 Heap Max Capacity: 2G
 Pre-touch: Disabled
 Parallel Workers: 10
Heap:
 PSYoungGen      total 16896K, used 9798K [0x00000000d5580000, 0x00000000d6e80000, 0x0000000100000000)
  eden space 15360K, 53% used [0x00000000d5580000,0x00000000d5d91928,0x00000000d6480000)
  from space 1536K, 100% used [0x00000000d6b80000,0x00000000d6d00000,0x00000000d6d00000)
  to   space 5120K, 0% used [0x00000000d6480000,0x00000000d6480000,0x00000000d6980000)
 ParOldGen       total 68608K, used 38975K [0x0000000080000000, 0x0000000084300000, 0x00000000d5580000)
  object space 68608K, 56% used [0x0000000080000000,0x000000008260fe88,0x0000000084300000)
 Metaspace       used 50907K, committed 51968K, reserved 1114112K
  class space    used 5440K, committed 5888K, reserved 1048576K
GC Heap History (20 events):
Event: 14.267 GC heap before
{Heap before GC invocations=21 (full 2):
 PSYoungGen      total 23552K, used 23386K [0x00000000d5580000, 0x00000000d6e00000, 0x0000000100000000)
  eden space 22016K, 100% used [0x00000000d5580000,0x00000000d6b00000,0x00000000d6b00000)
  from space 1536K, 89% used [0x00000000d6c80000,0x00000000d6dd6b38,0x00000000d6e00000)
  to   space 1536K, 0% used [0x00000000d6b00000,0x00000000d6b00000,0x00000000d6c80000)
 ParOldGen       total 68608K, used 20051K [0x0000000080000000, 0x0000000084300000, 0x00000000d5580000)
  object space 68608K, 29% used [0x0000000080000000,0x0000000081394d70,0x0000000084300000)
 Metaspace       used 46027K, committed 47168K, reserved 1114112K
  class space    used 4846K, committed 5312K, reserved 1048576K
}
Event: 14.270 GC heap after
{Heap after GC invocations=21 (full 2):
 PSYoungGen      total 23552K, used 1264K [0x00000000d5580000, 0x00000000d6e00000, 0x0000000100000000)
  eden space 22016K, 0% used [0x00000000d5580000,0x00000000d5580000,0x00000000d6b00000)
  from space 1536K, 82% used [0x00000000d6b00000,0x00000000d6c3c3a0,0x00000000d6c80000)
  to   space 1536K, 0% used [0x00000000d6c80000,0x00000000d6c80000,0x00000000d6e00000)
 ParOldGen       total 68608K, used 21142K [0x0000000080000000, 0x0000000084300000, 0x00000000d5580000)
  object space 68608K, 30% used [0x0000000080000000,0x00000000814a58b8,0x0000000084300000)
 Metaspace       used 46027K, committed 47168K, reserved 1114112K
  class space    used 4846K, committed 5312K, reserved 1048576K
}
Event: 15.363 GC heap before
{Heap before GC invocations=22 (full 2):
 PSYoungGen      total 23552K, used 23280K [0x00000000d5580000, 0x00000000d6e00000, 0x0000000100000000)
  eden space 22016K, 100% used [0x00000000d5580000,0x00000000d6b00000,0x00000000d6b00000)
  from space 1536K, 82% used [0x00000000d6b00000,0x00000000d6c3c3a0,0x00000000d6c80000)
  to   space 1536K, 0% used [0x00000000d6c80000,0x00000000d6c80000,0x00000000d6e00000)
 ParOldGen       total 68608K, used 21142K [0x0000000080000000, 0x0000000084300000, 0x00000000d5580000)
  object space 68608K, 30% used [0x0000000080000000,0x00000000814a58b8,0x0000000084300000)
 Metaspace       used 48156K, committed 49280K, reserved 1114112K
  class space    used 5144K, committed 5632K, reserved 1048576K
}
Event: 15.367 GC heap after
{Heap after GC invocations=22 (full 2):
 PSYoungGen      total 20992K, used 1520K [0x00000000d5580000, 0x00000000d7300000, 0x0000000100000000)
  eden space 19456K, 0% used [0x00000000d5580000,0x00000000d5580000,0x00000000d6880000)
  from space 1536K, 98% used [0x00000000d6c80000,0x00000000d6dfc028,0x00000000d6e00000)
  to   space 4096K, 0% used [0x00000000d6880000,0x00000000d6880000,0x00000000d6c80000)
 ParOldGen       total 68608K, used 22965K [0x0000000080000000, 0x0000000084300000, 0x00000000d5580000)
  object space 68608K, 33% used [0x0000000080000000,0x000000008166d638,0x0000000084300000)
 Metaspace       used 48156K, committed 49280K, reserved 1114112K
  class space    used 5144K, committed 5632K, reserved 1048576K
}
Event: 17.438 GC heap before
{Heap before GC invocations=23 (full 2):
 PSYoungGen      total 20992K, used 20976K [0x00000000d5580000, 0x00000000d7300000, 0x0000000100000000)
  eden space 19456K, 100% used [0x00000000d5580000,0x00000000d6880000,0x00000000d6880000)
  from space 1536K, 98% used [0x00000000d6c80000,0x00000000d6dfc028,0x00000000d6e00000)
  to   space 4096K, 0% used [0x00000000d6880000,0x00000000d6880000,0x00000000d6c80000)
 ParOldGen       total 68608K, used 22965K [0x0000000080000000, 0x0000000084300000, 0x00000000d5580000)
  object space 68608K, 33% used [0x0000000080000000,0x000000008166d638,0x0000000084300000)
 Metaspace       used 50167K, committed 51200K, reserved 1114112K
  class space    used 5365K, committed 5760K, reserved 1048576K
}
Event: 17.442 GC heap after
{Heap after GC invocations=23 (full 2):
 PSYoungGen      total 20992K, used 1099K [0x00000000d5580000, 0x00000000d6d00000, 0x0000000100000000)
  eden space 19456K, 0% used [0x00000000d5580000,0x00000000d5580000,0x00000000d6880000)
  from space 1536K, 71% used [0x00000000d6880000,0x00000000d6992ea8,0x00000000d6a00000)
  to   space 2048K, 0% used [0x00000000d6b00000,0x00000000d6b00000,0x00000000d6d00000)
 ParOldGen       total 68608K, used 24453K [0x0000000080000000, 0x0000000084300000, 0x00000000d5580000)
  object space 68608K, 35% used [0x0000000080000000,0x00000000817e1660,0x0000000084300000)
 Metaspace       used 50167K, committed 51200K, reserved 1114112K
  class space    used 5365K, committed 5760K, reserved 1048576K
}
Event: 17.832 GC heap before
{Heap before GC invocations=24 (full 2):
 PSYoungGen      total 20992K, used 20555K [0x00000000d5580000, 0x00000000d6d00000, 0x0000000100000000)
  eden space 19456K, 100% used [0x00000000d5580000,0x00000000d6880000,0x00000000d6880000)
  from space 1536K, 71% used [0x00000000d6880000,0x00000000d6992ea8,0x00000000d6a00000)
  to   space 2048K, 0% used [0x00000000d6b00000,0x00000000d6b00000,0x00000000d6d00000)
 ParOldGen       total 68608K, used 24453K [0x0000000080000000, 0x0000000084300000, 0x00000000d5580000)
  object space 68608K, 35% used [0x0000000080000000,0x00000000817e1660,0x0000000084300000)
 Metaspace       used 50355K, committed 51456K, reserved 1114112K
  class space    used 5379K, committed 5824K, reserved 1048576K
}
Event: 17.838 GC heap after
{Heap after GC invocations=24 (full 2):
 PSYoungGen      total 17408K, used 2047K [0x00000000d5580000, 0x00000000d7580000, 0x0000000100000000)
  eden space 15360K, 0% used [0x00000000d5580000,0x00000000d5580000,0x00000000d6480000)
  from space 2048K, 99% used [0x00000000d6b00000,0x00000000d6cffe78,0x00000000d6d00000)
  to   space 6656K, 0% used [0x00000000d6480000,0x00000000d6480000,0x00000000d6b00000)
 ParOldGen       total 68608K, used 28089K [0x0000000080000000, 0x0000000084300000, 0x00000000d5580000)
  object space 68608K, 40% used [0x0000000080000000,0x0000000081b6e658,0x0000000084300000)
 Metaspace       used 50355K, committed 51456K, reserved 1114112K
  class space    used 5379K, committed 5824K, reserved 1048576K
}
Event: 17.866 GC heap before
{Heap before GC invocations=25 (full 2):
 PSYoungGen      total 17408K, used 17407K [0x00000000d5580000, 0x00000000d7580000, 0x0000000100000000)
  eden space 15360K, 100% used [0x00000000d5580000,0x00000000d6480000,0x00000000d6480000)
  from space 2048K, 99% used [0x00000000d6b00000,0x00000000d6cffe78,0x00000000d6d00000)
  to   space 6656K, 0% used [0x00000000d6480000,0x00000000d6480000,0x00000000d6b00000)
 ParOldGen       total 68608K, used 28089K [0x0000000080000000, 0x0000000084300000, 0x00000000d5580000)
  object space 68608K, 40% used [0x0000000080000000,0x0000000081b6e658,0x0000000084300000)
 Metaspace       used 50380K, committed 51456K, reserved 1114112K
  class space    used 5380K, committed 5824K, reserved 1048576K
}
Event: 17.872 GC heap after
{Heap after GC invocations=25 (full 2):
 PSYoungGen      total 22016K, used 6656K [0x00000000d5580000, 0x00000000d7c80000, 0x0000000100000000)
  eden space 15360K, 0% used [0x00000000d5580000,0x00000000d5580000,0x00000000d6480000)
  from space 6656K, 100% used [0x00000000d6480000,0x00000000d6b00000,0x00000000d6b00000)
  to   space 12288K, 0% used [0x00000000d7080000,0x00000000d7080000,0x00000000d7c80000)
 ParOldGen       total 68608K, used 32541K [0x0000000080000000, 0x0000000084300000, 0x00000000d5580000)
  object space 68608K, 47% used [0x0000000080000000,0x0000000081fc7768,0x0000000084300000)
 Metaspace       used 50380K, committed 51456K, reserved 1114112K
  class space    used 5380K, committed 5824K, reserved 1048576K
}
Event: 17.898 GC heap before
{Heap before GC invocations=26 (full 2):
 PSYoungGen      total 22016K, used 22016K [0x00000000d5580000, 0x00000000d7c80000, 0x0000000100000000)
  eden space 15360K, 100% used [0x00000000d5580000,0x00000000d6480000,0x00000000d6480000)
  from space 6656K, 100% used [0x00000000d6480000,0x00000000d6b00000,0x00000000d6b00000)
  to   space 12288K, 0% used [0x00000000d7080000,0x00000000d7080000,0x00000000d7c80000)
 ParOldGen       total 68608K, used 32541K [0x0000000080000000, 0x0000000084300000, 0x00000000d5580000)
  object space 68608K, 47% used [0x0000000080000000,0x0000000081fc7768,0x0000000084300000)
 Metaspace       used 50384K, committed 51456K, reserved 1114112K
  class space    used 5380K, committed 5824K, reserved 1048576K
}
Event: 17.904 GC heap after
{Heap after GC invocations=26 (full 2):
 PSYoungGen      total 19456K, used 3744K [0x00000000d5580000, 0x00000000d7480000, 0x0000000100000000)
  eden space 15360K, 0% used [0x00000000d5580000,0x00000000d5580000,0x00000000d6480000)
  from space 4096K, 91% used [0x00000000d7080000,0x00000000d7428000,0x00000000d7480000)
  to   space 6656K, 0% used [0x00000000d6780000,0x00000000d6780000,0x00000000d6e00000)
 ParOldGen       total 68608K, used 35854K [0x0000000080000000, 0x0000000084300000, 0x00000000d5580000)
  object space 68608K, 52% used [0x0000000080000000,0x0000000082303b58,0x0000000084300000)
 Metaspace       used 50384K, committed 51456K, reserved 1114112K
  class space    used 5380K, committed 5824K, reserved 1048576K
}
Event: 17.932 GC heap before
{Heap before GC invocations=27 (full 2):
 PSYoungGen      total 19456K, used 19104K [0x00000000d5580000, 0x00000000d7480000, 0x0000000100000000)
  eden space 15360K, 100% used [0x00000000d5580000,0x00000000d6480000,0x00000000d6480000)
  from space 4096K, 91% used [0x00000000d7080000,0x00000000d7428000,0x00000000d7480000)
  to   space 6656K, 0% used [0x00000000d6780000,0x00000000d6780000,0x00000000d6e00000)
 ParOldGen       total 68608K, used 35854K [0x0000000080000000, 0x0000000084300000, 0x00000000d5580000)
  object space 68608K, 52% used [0x0000000080000000,0x0000000082303b58,0x0000000084300000)
 Metaspace       used 50390K, committed 51456K, reserved 1114112K
  class space    used 5380K, committed 5824K, reserved 1048576K
}
Event: 17.934 GC heap after
{Heap after GC invocations=27 (full 2):
 PSYoungGen      total 19456K, used 3968K [0x00000000d5580000, 0x00000000d7100000, 0x0000000100000000)
  eden space 15360K, 0% used [0x00000000d5580000,0x00000000d5580000,0x00000000d6480000)
  from space 4096K, 96% used [0x00000000d6780000,0x00000000d6b60000,0x00000000d6b80000)
  to   space 4608K, 0% used [0x00000000d6c80000,0x00000000d6c80000,0x00000000d7100000)
 ParOldGen       total 68608K, used 35982K [0x0000000080000000, 0x0000000084300000, 0x00000000d5580000)
  object space 68608K, 52% used [0x0000000080000000,0x0000000082323b58,0x0000000084300000)
 Metaspace       used 50390K, committed 51456K, reserved 1114112K
  class space    used 5380K, committed 5824K, reserved 1048576K
}
Event: 17.973 GC heap before
{Heap before GC invocations=28 (full 2):
 PSYoungGen      total 19456K, used 19328K [0x00000000d5580000, 0x00000000d7100000, 0x0000000100000000)
  eden space 15360K, 100% used [0x00000000d5580000,0x00000000d6480000,0x00000000d6480000)
  from space 4096K, 96% used [0x00000000d6780000,0x00000000d6b60000,0x00000000d6b80000)
  to   space 4608K, 0% used [0x00000000d6c80000,0x00000000d6c80000,0x00000000d7100000)
 ParOldGen       total 68608K, used 35982K [0x0000000080000000, 0x0000000084300000, 0x00000000d5580000)
  object space 68608K, 52% used [0x0000000080000000,0x0000000082323b58,0x0000000084300000)
 Metaspace       used 50419K, committed 51520K, reserved 1114112K
  class space    used 5385K, committed 5824K, reserved 1048576K
}
Event: 17.977 GC heap after
{Heap after GC invocations=28 (full 2):
 PSYoungGen      total 18944K, used 3296K [0x00000000d5580000, 0x00000000d7000000, 0x0000000100000000)
  eden space 15360K, 0% used [0x00000000d5580000,0x00000000d5580000,0x00000000d6480000)
  from space 3584K, 91% used [0x00000000d6c80000,0x00000000d6fb8000,0x00000000d7000000)
  to   space 4096K, 0% used [0x00000000d6800000,0x00000000d6800000,0x00000000d6c00000)
 ParOldGen       total 68608K, used 35998K [0x0000000080000000, 0x0000000084300000, 0x00000000d5580000)
  object space 68608K, 52% used [0x0000000080000000,0x0000000082327b58,0x0000000084300000)
 Metaspace       used 50419K, committed 51520K, reserved 1114112K
  class space    used 5385K, committed 5824K, reserved 1048576K
}
Event: 18.022 GC heap before
{Heap before GC invocations=29 (full 2):
 PSYoungGen      total 18944K, used 18656K [0x00000000d5580000, 0x00000000d7000000, 0x0000000100000000)
  eden space 15360K, 100% used [0x00000000d5580000,0x00000000d6480000,0x00000000d6480000)
  from space 3584K, 91% used [0x00000000d6c80000,0x00000000d6fb8000,0x00000000d7000000)
  to   space 4096K, 0% used [0x00000000d6800000,0x00000000d6800000,0x00000000d6c00000)
 ParOldGen       total 68608K, used 35998K [0x0000000080000000, 0x0000000084300000, 0x00000000d5580000)
  object space 68608K, 52% used [0x0000000080000000,0x0000000082327b58,0x0000000084300000)
 Metaspace       used 50425K, committed 51520K, reserved 1114112K
  class space    used 5385K, committed 5824K, reserved 1048576K
}
Event: 18.024 GC heap after
{Heap after GC invocations=29 (full 2):
 PSYoungGen      total 15872K, used 320K [0x00000000d5580000, 0x00000000d6d00000, 0x0000000100000000)
  eden space 15360K, 0% used [0x00000000d5580000,0x00000000d5580000,0x00000000d6480000)
  from space 512K, 62% used [0x00000000d6800000,0x00000000d6850000,0x00000000d6880000)
  to   space 1536K, 0% used [0x00000000d6b80000,0x00000000d6b80000,0x00000000d6d00000)
 ParOldGen       total 68608K, used 36334K [0x0000000080000000, 0x0000000084300000, 0x00000000d5580000)
  object space 68608K, 52% used [0x0000000080000000,0x000000008237bb58,0x0000000084300000)
 Metaspace       used 50425K, committed 51520K, reserved 1114112K
  class space    used 5385K, committed 5824K, reserved 1048576K
}
Event: 18.104 GC heap before
{Heap before GC invocations=30 (full 2):
 PSYoungGen      total 15872K, used 15680K [0x00000000d5580000, 0x00000000d6d00000, 0x0000000100000000)
  eden space 15360K, 100% used [0x00000000d5580000,0x00000000d6480000,0x00000000d6480000)
  from space 512K, 62% used [0x00000000d6800000,0x00000000d6850000,0x00000000d6880000)
  to   space 1536K, 0% used [0x00000000d6b80000,0x00000000d6b80000,0x00000000d6d00000)
 ParOldGen       total 68608K, used 36334K [0x0000000080000000, 0x0000000084300000, 0x00000000d5580000)
  object space 68608K, 52% used [0x0000000080000000,0x000000008237bb58,0x0000000084300000)
 Metaspace       used 50450K, committed 51584K, reserved 1114112K
  class space    used 5385K, committed 5824K, reserved 1048576K
}
Event: 18.106 GC heap after
{Heap after GC invocations=30 (full 2):
 PSYoungGen      total 16896K, used 1536K [0x00000000d5580000, 0x00000000d6e80000, 0x0000000100000000)
  eden space 15360K, 0% used [0x00000000d5580000,0x00000000d5580000,0x00000000d6480000)
  from space 1536K, 100% used [0x00000000d6b80000,0x00000000d6d00000,0x00000000d6d00000)
  to   space 5120K, 0% used [0x00000000d6480000,0x00000000d6480000,0x00000000d6980000)
 ParOldGen       total 68608K, used 38975K [0x0000000080000000, 0x0000000084300000, 0x00000000d5580000)
  object space 68608K, 56% used [0x0000000080000000,0x000000008260fe88,0x0000000084300000)
 Metaspace       used 50450K, committed 51584K, reserved 1114112K
  class space    used 5385K, committed 5824K, reserved 1048576K
}

